> Task :spotbugsMain
M V EI: io.github.fvarrui.javapackager.model.ManifestSection.getEntries() may expose internal representation by returning ManifestSection.entries  At ManifestSection.java:[line 35]
M V EI2: io.github.fvarrui.javapackager.model.ManifestSection.setEntries(Map) may expose internal representation by storing an externally mutable object into ManifestSection.entries  At ManifestSection.java:[line 39]
M V EI2: new io.github.fvarrui.javapackager.model.ManifestSection(String, Map) may expose internal representation by storing an externally mutable object into ManifestSection.entries  At ManifestSection.java:[line 23]
M V EI2: io.github.fvarrui.javapackager.model.Registry.setEntries(List) may expose internal representation by storing an externally mutable object into Registry.entries  At Registry.java:[line 29]
M V EI: io.github.fvarrui.javapackager.model.Registry.getEntries() may expose internal representation by returning Registry.entries  At Registry.java:[line 25]
M V EI2: new io.github.fvarrui.javapackager.model.Registry(List) may expose internal representation by storing an externally mutable object into Registry.entries  At Registry.java:[line 21]
M V EI2: io.github.fvarrui.javapackager.model.Manifest.setSections(List) may expose internal representation by storing an externally mutable object into Manifest.sections  At Manifest.java:[line 31]
M V EI: io.github.fvarrui.javapackager.model.Manifest.getSections() may expose internal representation by returning Manifest.sections  At Manifest.java:[line 27]
M V EI2: io.github.fvarrui.javapackager.model.Manifest.setAdditionalEntries(Map) may expose internal representation by storing an externally mutable object into Manifest.additionalEntries  At Manifest.java:[line 23]
M V EI: io.github.fvarrui.javapackager.model.Manifest.getAdditionalEntries() may expose internal representation by returning Manifest.additionalEntries  At Manifest.java:[line 19]
M V EI2: io.github.fvarrui.javapackager.packagers.PackagerSettings.extra(Map) may expose internal representation by storing an externally mutable object into PackagerSettings.extra  At PackagerSettings.java:[line 792]
M V EI2: io.github.fvarrui.javapackager.packagers.PackagerSettings.manifest(Manifest) may expose internal representation by storing an externally mutable object into PackagerSettings.manifest  At PackagerSettings.java:[line 842]
M V EI2: io.github.fvarrui.javapackager.packagers.PackagerSettings.additionalModulePaths(List) may expose internal representation by storing an externally mutable object into PackagerSettings.additionalModulePaths  At PackagerSettings.java:[line 852]
M V EI: io.github.fvarrui.javapackager.packagers.PackagerSettings.getTemplates() may expose internal representation by returning PackagerSettings.templates  At PackagerSettings.java:[line 423]
M V EI: io.github.fvarrui.javapackager.packagers.PackagerSettings.getWinConfig() may expose internal representation by returning PackagerSettings.winConfig  At PackagerSettings.java:[line 311]
M V EI: io.github.fvarrui.javapackager.packagers.PackagerSettings.getMacConfig() may expose internal representation by returning PackagerSettings.macConfig  At PackagerSettings.java:[line 327]
M V EI: io.github.fvarrui.javapackager.packagers.PackagerSettings.getModules() may expose internal representation by returning PackagerSettings.modules  At PackagerSettings.java:[line 247]
M V EI: io.github.fvarrui.javapackager.packagers.PackagerSettings.getAdditionalResources() may expose internal representation by returning PackagerSettings.additionalResources  At PackagerSettings.java:[line 239]
M V EI2: io.github.fvarrui.javapackager.packagers.PackagerSettings.scripts(Scripts) may expose internal representation by storing an externally mutable object into PackagerSettings.scripts  At PackagerSettings.java:[line 872]
M V EI2: io.github.fvarrui.javapackager.packagers.PackagerSettings.linuxConfig(LinuxConfig) may expose internal representation by storing an externally mutable object into PackagerSettings.linuxConfig  At PackagerSettings.java:[line 734]
M V EI: io.github.fvarrui.javapackager.packagers.PackagerSettings.getLinuxConfig() may expose internal representation by returning PackagerSettings.linuxConfig  At PackagerSettings.java:[line 319]
M V EI2: io.github.fvarrui.javapackager.packagers.PackagerSettings.templates(List) may expose internal representation by storing an externally mutable object into PackagerSettings.templates  At PackagerSettings.java:[line 882]
M V EI: io.github.fvarrui.javapackager.packagers.PackagerSettings.getAdditionalModulePaths() may expose internal representation by returning PackagerSettings.additionalModulePaths  At PackagerSettings.java:[line 399]
M V EI: io.github.fvarrui.javapackager.packagers.PackagerSettings.getFileAssociations() may expose internal representation by returning PackagerSettings.fileAssociations  At PackagerSettings.java:[line 407]
M V EI: io.github.fvarrui.javapackager.packagers.PackagerSettings.getScripts() may expose internal representation by returning PackagerSettings.scripts  At PackagerSettings.java:[line 415]
M V EI: io.github.fvarrui.javapackager.packagers.PackagerSettings.getExtra() may expose internal representation by returning PackagerSettings.extra  At PackagerSettings.java:[line 351]
M V EI2: io.github.fvarrui.javapackager.packagers.PackagerSettings.fileAssociations(List) may expose internal representation by storing an externally mutable object into PackagerSettings.fileAssociations  At PackagerSettings.java:[line 862]
M V EI: io.github.fvarrui.javapackager.packagers.PackagerSettings.getManifest() may expose internal representation by returning PackagerSettings.manifest  At PackagerSettings.java:[line 391]
M V EI2: io.github.fvarrui.javapackager.packagers.PackagerSettings.winConfig(WindowsConfig) may expose internal representation by storing an externally mutable object into PackagerSettings.winConfig  At PackagerSettings.java:[line 724]
M V EI2: io.github.fvarrui.javapackager.packagers.PackagerSettings.macConfig(MacConfig) may expose internal representation by storing an externally mutable object into PackagerSettings.macConfig  At PackagerSettings.java:[line 744]
M V EI: io.github.fvarrui.javapackager.packagers.PackagerSettings.getAdditionalModules() may expose internal representation by returning PackagerSettings.additionalModules  At PackagerSettings.java:[line 255]
M V EI: io.github.fvarrui.javapackager.packagers.PackagerSettings.getVmArgs() may expose internal representation by returning PackagerSettings.vmArgs  At PackagerSettings.java:[line 279]
H B Nm: The class name io.github.fvarrui.javapackager.utils.Commandline shadows the simple name of the superclass org.codehaus.plexus.util.cli.Commandline  At Commandline.java:[lines 14-58]
M B OS: io.github.fvarrui.javapackager.utils.JDKUtils.getRelease(File) may fail to close stream  At JDKUtils.java:[line 32]
M X OBL: io.github.fvarrui.javapackager.utils.JDKUtils.getRelease(File) may fail to clean up java.io.InputStream  Obligation to clean up resource created at JDKUtils.java:[line 32] is not discharged
M D DMI: Hard coded reference to an absolute pathname in io.github.fvarrui.javapackager.model.LinuxConfig.setDefaults(Packager)  At LinuxConfig.java:[line 96]
M V EI: io.github.fvarrui.javapackager.model.LinuxConfig.getCategories() may expose internal representation by returning LinuxConfig.categories  At LinuxConfig.java:[line 31]
M V EI2: io.github.fvarrui.javapackager.model.LinuxConfig.setCategories(List) may expose internal representation by storing an externally mutable object into LinuxConfig.categories  At LinuxConfig.java:[line 27]
M V EI2: io.github.fvarrui.javapackager.model.MacConfig.setInfoPlist(InfoPlist) may expose internal representation by storing an externally mutable object into MacConfig.infoPlist  At MacConfig.java:[line 268]
M V EI: io.github.fvarrui.javapackager.model.MacConfig.getInfoPlist() may expose internal representation by returning MacConfig.infoPlist  At MacConfig.java:[line 264]
M D NP: Possible null pointer dereference in io.github.fvarrui.javapackager.packagers.MacPackager$1.visitFile(Path, BasicFileAttributes) due to return value of called method  Dereferenced at MacPackager.java:[line 357]
M B ENV: It is preferable to use portable Java property 'java.home' instead of environment variable 'JAVA_HOME' in method io.github.fvarrui.javapackager.packagers.Context.getDefaultToolchain().  At Context.java:[line 91]
M V EI: io.github.fvarrui.javapackager.gradle.PackagePluginExtension.scripts(Closure) may expose internal representation by returning io.github.fvarrui.javapackager.packagers.PackagerSettings.scripts  At PackagePluginExtension.java:[line 86]
M V EI: io.github.fvarrui.javapackager.gradle.PackagePluginExtension.macConfig(Closure) may expose internal representation by returning io.github.fvarrui.javapackager.packagers.PackagerSettings.macConfig  At PackagePluginExtension.java:[line 68]
M V EI: io.github.fvarrui.javapackager.gradle.PackagePluginExtension.linuxConfig(Closure) may expose internal representation by returning io.github.fvarrui.javapackager.packagers.PackagerSettings.linuxConfig  At PackagePluginExtension.java:[line 62]
M V EI: io.github.fvarrui.javapackager.gradle.PackagePluginExtension.winConfig(Closure) may expose internal representation by returning io.github.fvarrui.javapackager.packagers.PackagerSettings.winConfig  At PackagePluginExtension.java:[line 74]
M V EI: io.github.fvarrui.javapackager.gradle.PackagePluginExtension.manifest(Closure) may expose internal representation by returning io.github.fvarrui.javapackager.packagers.PackagerSettings.manifest  At PackagePluginExtension.java:[line 80]
M V EI2: new io.github.fvarrui.javapackager.gradle.PackagePluginExtension(Project) may expose internal representation by storing an externally mutable object into PackagePluginExtension.project  At PackagePluginExtension.java:[line 28]
M V EI2: io.github.fvarrui.javapackager.model.WindowsConfig.setRegistry(Registry) may expose internal representation by storing an externally mutable object into WindowsConfig.registry  At WindowsConfig.java:[line 274]
M V EI: io.github.fvarrui.javapackager.model.WindowsConfig.getSigning() may expose internal representation by returning WindowsConfig.signing  At WindowsConfig.java:[line 262]
M V EI2: io.github.fvarrui.javapackager.model.WindowsConfig.setSetupLanguages(LinkedHashMap) may expose internal representation by storing an externally mutable object into WindowsConfig.setupLanguages  At WindowsConfig.java:[line 250]
M V EI2: io.github.fvarrui.javapackager.model.WindowsConfig.setSigning(WindowsSigning) may expose internal representation by storing an externally mutable object into WindowsConfig.signing  At WindowsConfig.java:[line 266]
M V EI: io.github.fvarrui.javapackager.model.WindowsConfig.getRegistry() may expose internal representation by returning WindowsConfig.registry  At WindowsConfig.java:[line 270]
M V EI: io.github.fvarrui.javapackager.model.WindowsConfig.getSetupLanguages() may expose internal representation by returning WindowsConfig.setupLanguages  At WindowsConfig.java:[line 246]
H I Dm: Found reliance on default encoding in io.github.fvarrui.javapackager.utils.CommandUtils.executeWithResult(File, String, Object[]): new java.io.InputStreamReader(InputStream)  At CommandUtils.java:[line 56]
H I Dm: Found reliance on default encoding in io.github.fvarrui.javapackager.utils.CommandUtils.run(String): new java.io.InputStreamReader(InputStream)  At CommandUtils.java:[line 82]
M D NP: Possible null pointer dereference in io.github.fvarrui.javapackager.utils.FileUtils.findFiles(File, String) due to return value of called method  Method invoked at FileUtils.java:[line 293]
M D NP: Possible null pointer dereference in io.github.fvarrui.javapackager.utils.FileUtils.findFirstFile(File, String) due to return value of called method  Method invoked at FileUtils.java:[line 305]
M D NP: Possible null pointer dereference in io.github.fvarrui.javapackager.utils.FileUtils.moveFolderContentToFolder(File, File) due to return value of called method  Dereferenced at FileUtils.java:[line 180]
M D NP: Possible null pointer dereference in io.github.fvarrui.javapackager.utils.FileUtils.copyFolderContentToFolder(File, File) due to return value of called method  Dereferenced at FileUtils.java:[line 152]
M X OBL: io.github.fvarrui.javapackager.utils.FileUtils.writeStringToFileWithBOM(File, String) may fail to clean up java.io.OutputStream on checked exception  Obligation to clean up resource created at FileUtils.java:[line 361] is not discharged
M X OBL: io.github.fvarrui.javapackager.utils.FileUtils.concat(File, File[]) may fail to clean up java.io.OutputStream on checked exception  Obligation to clean up resource created at FileUtils.java:[line 116] is not discharged
M B RV: Exceptional return value of java.io.File.mkdirs() ignored in io.github.fvarrui.javapackager.utils.FileUtils.mkdir(File)  At FileUtils.java:[line 46]
M B RV: Exceptional return value of java.io.File.mkdirs() ignored in io.github.fvarrui.javapackager.utils.FileUtils.copyFolderContentToFolder(File, File)  At FileUtils.java:[line 149]
M B RV: Exceptional return value of java.io.File.mkdirs() ignored in io.github.fvarrui.javapackager.utils.FileUtils.moveFileToFolder(File, File)  At FileUtils.java:[line 196]
M B RV: Exceptional return value of java.io.File.renameTo(File) ignored in io.github.fvarrui.javapackager.utils.FileUtils.rename(File, String)  At FileUtils.java:[line 282]
M V EI: io.github.fvarrui.javapackager.gradle.GradleContext.getLibraryTask() may expose internal representation by returning GradleContext.libraryTask  At GradleContext.java:[line 76]
M V EI2: io.github.fvarrui.javapackager.gradle.GradleContext.setLibraryTask(Launch4jLibraryTask) may expose internal representation by storing an externally mutable object into GradleContext.libraryTask  At GradleContext.java:[line 80]
M V EI2: new io.github.fvarrui.javapackager.gradle.GradleContext(Project) may expose internal representation by storing an externally mutable object into GradleContext.project  At GradleContext.java:[line 28]
M V EI: io.github.fvarrui.javapackager.gradle.GradleContext.getProject() may expose internal representation by returning GradleContext.project  At GradleContext.java:[line 36]
M V EI: io.github.fvarrui.javapackager.packagers.Packager.getClasspaths() may expose internal representation by returning Packager.classpaths  At Packager.java:[line 78]
M B RV: Exceptional return value of java.io.File.mkdirs() ignored in io.github.fvarrui.javapackager.packagers.Packager.createAppStructure()  At Packager.java:[line 359]
M B CT: Exception thrown in class io.github.fvarrui.javapackager.utils.RcEdit at new io.github.fvarrui.javapackager.utils.RcEdit(File) will leave the constructor. The object under construction remains partially initialized and may be vulnerable to Finalizer attacks.  At RcEdit.java:[line 16]
M B CT: Exception thrown in class io.github.fvarrui.javapackager.utils.RcEdit at new io.github.fvarrui.javapackager.utils.RcEdit() will leave the constructor. The object under construction remains partially initialized and may be vulnerable to Finalizer attacks.  At RcEdit.java:[line 20]
M B OS: io.github.fvarrui.javapackager.packagers.CreateWindowsExeWinRun4j.doApply(WindowsPackager) may fail to close stream  At CreateWindowsExeWinRun4j.java:[line 146]
M X OBL: io.github.fvarrui.javapackager.packagers.CreateWindowsExeWinRun4j.doApply(WindowsPackager) may fail to clean up java.io.OutputStream  Obligation to clean up resource created at CreateWindowsExeWinRun4j.java:[line 146] is not discharged
M V EI: io.github.fvarrui.javapackager.gradle.PackageTask.linuxConfig(Closure) may expose internal representation by returning PackageTask.linuxConfig  At PackageTask.java:[line 306]
M V EI2: io.github.fvarrui.javapackager.gradle.PackageTask.setVmArgs(List) may expose internal representation by storing an externally mutable object into PackageTask.vmArgs  At PackageTask.java:[line 444]
M V EI: io.github.fvarrui.javapackager.gradle.PackageTask.getTemplates() may expose internal representation by returning PackageTask.templates  At PackageTask.java:[line 582]
M V EI: io.github.fvarrui.javapackager.gradle.PackageTask.getAdditionalResources() may expose internal representation by returning PackageTask.additionalResources  At PackageTask.java:[line 68]
M V EI: io.github.fvarrui.javapackager.gradle.PackageTask.getWinConfig() may expose internal representation by returning PackageTask.winConfig  At PackageTask.java:[line 452]
M V EI: io.github.fvarrui.javapackager.gradle.PackageTask.getAdditionalModules() may expose internal representation by returning PackageTask.additionalModules  At PackageTask.java:[line 56]
M V EI: io.github.fvarrui.javapackager.gradle.PackageTask.getLinuxConfig() may expose internal representation by returning PackageTask.linuxConfig  At PackageTask.java:[line 296]
M V EI: io.github.fvarrui.javapackager.gradle.PackageTask.macConfig(Closure) may expose internal representation by returning PackageTask.macConfig  At PackageTask.java:[line 324]
M V EI: io.github.fvarrui.javapackager.gradle.PackageTask.getVmArgs() may expose internal representation by returning PackageTask.vmArgs  At PackageTask.java:[line 440]
M V EI: io.github.fvarrui.javapackager.gradle.PackageTask.getScripts() may expose internal representation by returning PackageTask.scripts  At PackageTask.java:[line 552]
M V EI2: io.github.fvarrui.javapackager.gradle.PackageTask.setAdditionalResources(List) may expose internal representation by storing an externally mutable object into PackageTask.additionalResources  At PackageTask.java:[line 72]
M V EI2: io.github.fvarrui.javapackager.gradle.PackageTask.setModules(List) may expose internal representation by storing an externally mutable object into PackageTask.modules  At PackageTask.java:[line 348]
M V EI2: io.github.fvarrui.javapackager.gradle.PackageTask.setExtra(Map) may expose internal representation by storing an externally mutable object into PackageTask.extra  At PackageTask.java:[line 216]
M V EI: io.github.fvarrui.javapackager.gradle.PackageTask.getModules() may expose internal representation by returning PackageTask.modules  At PackageTask.java:[line 344]
M V EI2: io.github.fvarrui.javapackager.gradle.PackageTask.setMacConfig(MacConfig) may expose internal representation by storing an externally mutable object into PackageTask.macConfig  At PackageTask.java:[line 318]
M V EI2: io.github.fvarrui.javapackager.gradle.PackageTask.setAdditionalModulePaths(List) may expose internal representation by storing an externally mutable object into PackageTask.additionalModulePaths  At PackageTask.java:[line 532]
M V EI2: io.github.fvarrui.javapackager.gradle.PackageTask.setFileAssociations(List) may expose internal representation by storing an externally mutable object into PackageTask.fileAssociations  At PackageTask.java:[line 544]
M V EI2: io.github.fvarrui.javapackager.gradle.PackageTask.setLinuxConfig(LinuxConfig) may expose internal representation by storing an externally mutable object into PackageTask.linuxConfig  At PackageTask.java:[line 300]
M V EI: io.github.fvarrui.javapackager.gradle.PackageTask.getMacConfig() may expose internal representation by returning PackageTask.macConfig  At PackageTask.java:[line 314]
M V EI2: io.github.fvarrui.javapackager.gradle.PackageTask.setTemplates(List) may expose internal representation by storing an externally mutable object into PackageTask.templates  At PackageTask.java:[line 586]
M V EI: io.github.fvarrui.javapackager.gradle.PackageTask.getManifest() may expose internal representation by returning PackageTask.manifest  At PackageTask.java:[line 514]
M V EI2: io.github.fvarrui.javapackager.gradle.PackageTask.setAdditionalModules(List) may expose internal representation by storing an externally mutable object into PackageTask.additionalModules  At PackageTask.java:[line 60]
M V EI: io.github.fvarrui.javapackager.gradle.PackageTask.getAdditionalModulePaths() may expose internal representation by returning PackageTask.additionalModulePaths  At PackageTask.java:[line 528]
M V EI: io.github.fvarrui.javapackager.gradle.PackageTask.getFileAssociations() may expose internal representation by returning PackageTask.fileAssociations  At PackageTask.java:[line 540]
M V EI: io.github.fvarrui.javapackager.gradle.PackageTask.scripts(Closure) may expose internal representation by returning PackageTask.scripts  At PackageTask.java:[line 562]
M V EI2: io.github.fvarrui.javapackager.gradle.PackageTask.setScripts(Scripts) may expose internal representation by storing an externally mutable object into PackageTask.scripts  At PackageTask.java:[line 556]
M V EI: io.github.fvarrui.javapackager.gradle.PackageTask.getExtra() may expose internal representation by returning PackageTask.extra  At PackageTask.java:[line 212]
M V EI: io.github.fvarrui.javapackager.gradle.PackageTask.winConfig(Closure) may expose internal representation by returning PackageTask.winConfig  At PackageTask.java:[line 458]
M V EI: io.github.fvarrui.javapackager.gradle.PackageTask.manifest(Closure) may expose internal representation by returning PackageTask.manifest  At PackageTask.java:[line 520]
M D RV: Return value of org.gradle.api.tasks.AbstractCopyTask.from(Object[]) ignored, but method has no side effect  At CopyDependencies.java:[line 38]
M B PA: Primitive field io.github.fvarrui.javapackager.gradle.CopyDependencies.copyLibsTask is public and set from inside the class, which makes it too exposed. Consider making it private to limit external accessibility.  At CopyDependencies.java:[line 34]
M D NP: Possible null pointer dereference in io.github.fvarrui.javapackager.gradle.CreateRunnableJar.doApply(Packager) due to return value of called method  Method invoked at CreateRunnableJar.java:[line 41]
M D NP: Possible null pointer dereference in io.github.fvarrui.javapackager.packagers.GenerateRpm.addDirectory(Builder, String, File, List) due to return value of called method  Dereferenced at GenerateRpm.java:[line 122]
M B RV: Exceptional return value of java.io.File.delete() ignored in io.github.fvarrui.javapackager.packagers.GenerateRpm.doApply(LinuxPackager)  At GenerateRpm.java:[line 100]
M D RV: Return value of org.gradle.api.tasks.AbstractCopyTask.from(Object, Action) ignored, but method has no side effect  At CreateZipball.java:[line 49]
M D RV: Return value of org.gradle.api.file.CopySpec.include(String[]) ignored, but method has no side effect  At CreateZipball.java:[line 87]
M D RV: Return value of org.gradle.api.file.CopySpec.exclude(String[]) ignored, but method has no side effect  At CreateZipball.java:[line 81]
M D RV: Return value of org.gradle.api.file.CopySpec.include(String[]) ignored, but method has no side effect  At CreateZipball.java:[line 80]
M D RV: Return value of org.gradle.api.file.CopySpec.include(String[]) ignored, but method has no side effect  At CreateZipball.java:[line 65]
M D RV: Return value of org.gradle.api.file.CopySpec.exclude(String[]) ignored, but method has no side effect  At CreateZipball.java:[line 60]
M D RV: Return value of org.gradle.api.file.CopySpec.include(String[]) ignored, but method has no side effect  At CreateZipball.java:[line 59]
M D RV: Return value of org.gradle.api.file.CopySpec.include(String[]) ignored, but method has no side effect  At CreateZipball.java:[line 50]
M D NP: Possible null pointer dereference in io.github.fvarrui.javapackager.packagers.BundleJre.doApply(Packager) due to return value of called method  Method invoked at BundleJre.java:[line 85]
M D NP: Possible null pointer dereference in io.github.fvarrui.javapackager.packagers.BundleJre.doApply(Packager) due to return value of called method  Method invoked at BundleJre.java:[line 143]
M D DMI: Hard coded reference to an absolute pathname in io.github.fvarrui.javapackager.packagers.GenerateDmg.doApply(MacPackager)  At GenerateDmg.java:[line 116]
M B RV: Exceptional return value of java.io.File.delete() ignored in io.github.fvarrui.javapackager.packagers.GenerateDmg.doApply(MacPackager)  At GenerateDmg.java:[line 154]
M D RV: Return value of org.gradle.api.tasks.AbstractCopyTask.from(Object, Action) ignored, but method has no side effect  At CreateTarball.java:[line 53]
M D RV: Return value of org.gradle.api.file.CopySpec.include(String[]) ignored, but method has no side effect  At CreateTarball.java:[line 92]
M D RV: Return value of org.gradle.api.file.CopySpec.include(String[]) ignored, but method has no side effect  At CreateTarball.java:[line 84]
M D RV: Return value of org.gradle.api.file.CopySpec.exclude(String[]) ignored, but method has no side effect  At CreateTarball.java:[line 85]
M D RV: Return value of org.gradle.api.file.CopySpec.include(String[]) ignored, but method has no side effect  At CreateTarball.java:[line 69]
M D RV: Return value of org.gradle.api.file.CopySpec.exclude(String[]) ignored, but method has no side effect  At CreateTarball.java:[line 64]
M D RV: Return value of org.gradle.api.file.CopySpec.include(String[]) ignored, but method has no side effect  At CreateTarball.java:[line 63]
M D RV: Return value of org.gradle.api.file.CopySpec.include(String[]) ignored, but method has no side effect  At CreateTarball.java:[line 54]
M D UrF: Unread public/protected field: io.github.fvarrui.javapackager.packagers.Packager.executableDestinationFolder  At WindowsPackager.java:[line 50]
SpotBugs ended with exit code 1